<?xml version="1.0" encoding="UTF-8"?>
<testsuite xmlns:xsi="http://www.w3.org/2001/XMLSchema-instance" xsi:noNamespaceSchemaLocation="https://maven.apache.org/surefire/maven-surefire-plugin/xsd/surefire-test-report.xsd" name="cn.zq.AppTest" time="0.203" tests="1" errors="0" skipped="0" failures="0">
  <properties>
    <property name="sun.desktop" value="windows"/>
    <property name="awt.toolkit" value="sun.awt.windows.WToolkit"/>
    <property name="file.encoding.pkg" value="sun.io"/>
    <property name="java.specification.version" value="1.8"/>
    <property name="sun.cpu.isalist" value="amd64"/>
    <property name="sun.jnu.encoding" value="GBK"/>
    <property name="java.class.path" value="E:\idea-java-project\productsupply\target\test-classes;E:\idea-java-project\productsupply\target\classes;E:\apache-maven-3.8.1\junit\junit\4.11\junit-4.11.jar;E:\apache-maven-3.8.1\org\hamcrest\hamcrest-core\2.1\hamcrest-core-2.1.jar;E:\apache-maven-3.8.1\org\hamcrest\hamcrest\2.1\hamcrest-2.1.jar;E:\apache-maven-3.8.1\org\springframework\boot\spring-boot-starter\2.2.5.RELEASE\spring-boot-starter-2.2.5.RELEASE.jar;E:\apache-maven-3.8.1\org\springframework\boot\spring-boot\2.2.5.RELEASE\spring-boot-2.2.5.RELEASE.jar;E:\apache-maven-3.8.1\org\springframework\spring-context\5.2.4.RELEASE\spring-context-5.2.4.RELEASE.jar;E:\apache-maven-3.8.1\org\springframework\boot\spring-boot-starter-logging\2.2.5.RELEASE\spring-boot-starter-logging-2.2.5.RELEASE.jar;E:\apache-maven-3.8.1\ch\qos\logback\logback-classic\1.2.3\logback-classic-1.2.3.jar;E:\apache-maven-3.8.1\ch\qos\logback\logback-core\1.2.3\logback-core-1.2.3.jar;E:\apache-maven-3.8.1\org\apache\logging\log4j\log4j-to-slf4j\2.12.1\log4j-to-slf4j-2.12.1.jar;E:\apache-maven-3.8.1\org\apache\logging\log4j\log4j-api\2.12.1\log4j-api-2.12.1.jar;E:\apache-maven-3.8.1\org\slf4j\jul-to-slf4j\1.7.30\jul-to-slf4j-1.7.30.jar;E:\apache-maven-3.8.1\jakarta\annotation\jakarta.annotation-api\1.3.5\jakarta.annotation-api-1.3.5.jar;E:\apache-maven-3.8.1\org\springframework\spring-core\5.2.4.RELEASE\spring-core-5.2.4.RELEASE.jar;E:\apache-maven-3.8.1\org\springframework\spring-jcl\5.2.4.RELEASE\spring-jcl-5.2.4.RELEASE.jar;E:\apache-maven-3.8.1\org\yaml\snakeyaml\1.25\snakeyaml-1.25.jar;E:\apache-maven-3.8.1\org\springframework\boot\spring-boot-autoconfigure\2.2.5.RELEASE\spring-boot-autoconfigure-2.2.5.RELEASE.jar;E:\apache-maven-3.8.1\mysql\mysql-connector-java\8.0.19\mysql-connector-java-8.0.19.jar;E:\apache-maven-3.8.1\org\springframework\boot\spring-boot-starter-web\2.2.5.RELEASE\spring-boot-starter-web-2.2.5.RELEASE.jar;E:\apache-maven-3.8.1\org\springframework\boot\spring-boot-starter-json\2.2.5.RELEASE\spring-boot-starter-json-2.2.5.RELEASE.jar;E:\apache-maven-3.8.1\com\fasterxml\jackson\datatype\jackson-datatype-jdk8\2.10.2\jackson-datatype-jdk8-2.10.2.jar;E:\apache-maven-3.8.1\com\fasterxml\jackson\datatype\jackson-datatype-jsr310\2.10.2\jackson-datatype-jsr310-2.10.2.jar;E:\apache-maven-3.8.1\com\fasterxml\jackson\module\jackson-module-parameter-names\2.10.2\jackson-module-parameter-names-2.10.2.jar;E:\apache-maven-3.8.1\org\springframework\boot\spring-boot-starter-tomcat\2.2.5.RELEASE\spring-boot-starter-tomcat-2.2.5.RELEASE.jar;E:\apache-maven-3.8.1\org\apache\tomcat\embed\tomcat-embed-core\9.0.31\tomcat-embed-core-9.0.31.jar;E:\apache-maven-3.8.1\org\apache\tomcat\embed\tomcat-embed-el\9.0.31\tomcat-embed-el-9.0.31.jar;E:\apache-maven-3.8.1\org\apache\tomcat\embed\tomcat-embed-websocket\9.0.31\tomcat-embed-websocket-9.0.31.jar;E:\apache-maven-3.8.1\org\springframework\boot\spring-boot-starter-validation\2.2.5.RELEASE\spring-boot-starter-validation-2.2.5.RELEASE.jar;E:\apache-maven-3.8.1\jakarta\validation\jakarta.validation-api\2.0.2\jakarta.validation-api-2.0.2.jar;E:\apache-maven-3.8.1\org\hibernate\validator\hibernate-validator\6.0.18.Final\hibernate-validator-6.0.18.Final.jar;E:\apache-maven-3.8.1\org\jboss\logging\jboss-logging\3.4.1.Final\jboss-logging-3.4.1.Final.jar;E:\apache-maven-3.8.1\com\fasterxml\classmate\1.5.1\classmate-1.5.1.jar;E:\apache-maven-3.8.1\org\springframework\spring-web\5.2.4.RELEASE\spring-web-5.2.4.RELEASE.jar;E:\apache-maven-3.8.1\org\springframework\spring-beans\5.2.4.RELEASE\spring-beans-5.2.4.RELEASE.jar;E:\apache-maven-3.8.1\org\springframework\spring-webmvc\5.2.4.RELEASE\spring-webmvc-5.2.4.RELEASE.jar;E:\apache-maven-3.8.1\org\springframework\spring-aop\5.2.4.RELEASE\spring-aop-5.2.4.RELEASE.jar;E:\apache-maven-3.8.1\org\springframework\spring-expression\5.2.4.RELEASE\spring-expression-5.2.4.RELEASE.jar;E:\apache-maven-3.8.1\com\auth0\java-jwt\3.4.0\java-jwt-3.4.0.jar;E:\apache-maven-3.8.1\com\fasterxml\jackson\core\jackson-databind\2.10.2\jackson-databind-2.10.2.jar;E:\apache-maven-3.8.1\com\fasterxml\jackson\core\jackson-annotations\2.10.2\jackson-annotations-2.10.2.jar;E:\apache-maven-3.8.1\com\fasterxml\jackson\core\jackson-core\2.10.2\jackson-core-2.10.2.jar;E:\apache-maven-3.8.1\commons-codec\commons-codec\1.13\commons-codec-1.13.jar;E:\apache-maven-3.8.1\org\springframework\boot\spring-boot-devtools\2.2.5.RELEASE\spring-boot-devtools-2.2.5.RELEASE.jar;E:\apache-maven-3.8.1\com\alibaba\druid-spring-boot-starter\1.1.10\druid-spring-boot-starter-1.1.10.jar;E:\apache-maven-3.8.1\com\alibaba\druid\1.1.10\druid-1.1.10.jar;E:\apache-maven-3.8.1\org\slf4j\slf4j-api\1.7.30\slf4j-api-1.7.30.jar;E:\apache-maven-3.8.1\org\mybatis\generator\mybatis-generator-maven-plugin\1.3.2\mybatis-generator-maven-plugin-1.3.2.jar;E:\apache-maven-3.8.1\org\apache\maven\maven-plugin-api\3.0.4\maven-plugin-api-3.0.4.jar;E:\apache-maven-3.8.1\org\apache\maven\maven-model\3.0.4\maven-model-3.0.4.jar;E:\apache-maven-3.8.1\org\apache\maven\maven-artifact\3.0.4\maven-artifact-3.0.4.jar;E:\apache-maven-3.8.1\org\sonatype\sisu\sisu-inject-plexus\2.3.0\sisu-inject-plexus-2.3.0.jar;E:\apache-maven-3.8.1\org\codehaus\plexus\plexus-component-annotations\1.5.5\plexus-component-annotations-1.5.5.jar;E:\apache-maven-3.8.1\org\codehaus\plexus\plexus-classworlds\2.4\plexus-classworlds-2.4.jar;E:\apache-maven-3.8.1\org\sonatype\sisu\sisu-inject-bean\2.3.0\sisu-inject-bean-2.3.0.jar;E:\apache-maven-3.8.1\org\sonatype\sisu\sisu-guice\3.1.0\sisu-guice-3.1.0-no_aop.jar;E:\apache-maven-3.8.1\org\sonatype\sisu\sisu-guava\0.9.9\sisu-guava-0.9.9.jar;E:\apache-maven-3.8.1\org\mybatis\generator\mybatis-generator-core\1.3.2\mybatis-generator-core-1.3.2.jar;E:\apache-maven-3.8.1\org\apache\maven\maven-project\3.0-alpha-2\maven-project-3.0-alpha-2.jar;E:\apache-maven-3.8.1\org\codehaus\plexus\plexus-utils\1.5.6\plexus-utils-1.5.6.jar;E:\apache-maven-3.8.1\org\codehaus\plexus\plexus-interpolation\1.1\plexus-interpolation-1.1.jar;E:\apache-maven-3.8.1\org\apache\maven\maven-compat\3.0-alpha-2\maven-compat-3.0-alpha-2.jar;E:\apache-maven-3.8.1\org\apache\maven\wagon\wagon-provider-api\1.0-beta-4\wagon-provider-api-1.0-beta-4.jar;E:\apache-maven-3.8.1\org\codehaus\plexus\plexus-container-default\1.0-beta-3.0.5\plexus-container-default-1.0-beta-3.0.5.jar;E:\apache-maven-3.8.1\org\apache\xbean\xbean-reflect\3.4\xbean-reflect-3.4.jar;E:\apache-maven-3.8.1\log4j\log4j\1.2.12\log4j-1.2.12.jar;E:\apache-maven-3.8.1\commons-logging\commons-logging-api\1.1\commons-logging-api-1.1.jar;E:\apache-maven-3.8.1\com\google\code\google-collections\google-collect\snapshot-20080530\google-collect-snapshot-20080530.jar;E:\apache-maven-3.8.1\org\codehaus\woodstox\wstx-asl\3.2.6\wstx-asl-3.2.6.jar;E:\apache-maven-3.8.1\stax\stax-api\1.0.1\stax-api-1.0.1.jar;E:\apache-maven-3.8.1\org\sonatype\spice\model-builder\1.3\model-builder-1.3.jar;E:\apache-maven-3.8.1\org\apache\maven\maven-project-builder\3.0-alpha-2\maven-project-builder-3.0-alpha-2.jar;E:\apache-maven-3.8.1\com\baomidou\mybatis-plus-boot-starter\2.2.0\mybatis-plus-boot-starter-2.2.0.jar;E:\apache-maven-3.8.1\org\springframework\boot\spring-boot-starter-jdbc\2.2.5.RELEASE\spring-boot-starter-jdbc-2.2.5.RELEASE.jar;E:\apache-maven-3.8.1\com\zaxxer\HikariCP\3.4.2\HikariCP-3.4.2.jar;E:\apache-maven-3.8.1\org\springframework\spring-jdbc\5.2.4.RELEASE\spring-jdbc-5.2.4.RELEASE.jar;E:\apache-maven-3.8.1\org\springframework\spring-tx\5.2.4.RELEASE\spring-tx-5.2.4.RELEASE.jar;E:\apache-maven-3.8.1\com\baomidou\mybatis-plus\2.2.0\mybatis-plus-2.2.0.jar;E:\apache-maven-3.8.1\com\baomidou\mybatis-plus-support\2.2.0\mybatis-plus-support-2.2.0.jar;E:\apache-maven-3.8.1\com\baomidou\mybatis-plus-core\2.2.0\mybatis-plus-core-2.2.0.jar;E:\apache-maven-3.8.1\com\github\jsqlparser\jsqlparser\1.1\jsqlparser-1.1.jar;E:\apache-maven-3.8.1\org\mybatis\mybatis-spring\1.3.2\mybatis-spring-1.3.2.jar;E:\apache-maven-3.8.1\org\mybatis\mybatis\3.4.6\mybatis-3.4.6.jar;E:\apache-maven-3.8.1\com\baomidou\mybatis-plus-generate\2.2.0\mybatis-plus-generate-2.2.0.jar;E:\apache-maven-3.8.1\com\github\pagehelper\pagehelper-spring-boot-starter\1.2.10\pagehelper-spring-boot-starter-1.2.10.jar;E:\apache-maven-3.8.1\org\mybatis\spring\boot\mybatis-spring-boot-starter\1.3.2\mybatis-spring-boot-starter-1.3.2.jar;E:\apache-maven-3.8.1\org\mybatis\spring\boot\mybatis-spring-boot-autoconfigure\1.3.2\mybatis-spring-boot-autoconfigure-1.3.2.jar;E:\apache-maven-3.8.1\com\github\pagehelper\pagehelper-spring-boot-autoconfigure\1.2.10\pagehelper-spring-boot-autoconfigure-1.2.10.jar;E:\apache-maven-3.8.1\com\github\pagehelper\pagehelper\5.1.8\pagehelper-5.1.8.jar;E:\apache-maven-3.8.1\org\projectlombok\lombok\1.18.12\lombok-1.18.12.jar;"/>
    <property name="java.vm.vendor" value="Oracle Corporation"/>
    <property name="sun.arch.data.model" value="64"/>
    <property name="user.variant" value=""/>
    <property name="java.vendor.url" value="http://java.oracle.com/"/>
    <property name="user.timezone" value="Asia/Shanghai"/>
    <property name="java.vm.specification.version" value="1.8"/>
    <property name="os.name" value="Windows 8.1"/>
    <property name="user.country" value="CN"/>
    <property name="sun.java.launcher" value="SUN_STANDARD"/>
    <property name="sun.boot.library.path" value="C:\Program Files\Java\jdk1.8.0_05\jre\bin"/>
    <property name="sun.java.command" value="C:\Users\ADMINI~1\AppData\Local\Temp\surefire3715353973656893516\surefirebooter4918063125292979273.jar C:\Users\Administrator\AppData\Local\Temp\surefire3715353973656893516 2021-04-29T22-10-04_086-jvmRun1 surefire8137069683435393666tmp surefire_07113052425785627667tmp"/>
    <property name="surefire.test.class.path" value="E:\idea-java-project\productsupply\target\test-classes;E:\idea-java-project\productsupply\target\classes;E:\apache-maven-3.8.1\junit\junit\4.11\junit-4.11.jar;E:\apache-maven-3.8.1\org\hamcrest\hamcrest-core\2.1\hamcrest-core-2.1.jar;E:\apache-maven-3.8.1\org\hamcrest\hamcrest\2.1\hamcrest-2.1.jar;E:\apache-maven-3.8.1\org\springframework\boot\spring-boot-starter\2.2.5.RELEASE\spring-boot-starter-2.2.5.RELEASE.jar;E:\apache-maven-3.8.1\org\springframework\boot\spring-boot\2.2.5.RELEASE\spring-boot-2.2.5.RELEASE.jar;E:\apache-maven-3.8.1\org\springframework\spring-context\5.2.4.RELEASE\spring-context-5.2.4.RELEASE.jar;E:\apache-maven-3.8.1\org\springframework\boot\spring-boot-starter-logging\2.2.5.RELEASE\spring-boot-starter-logging-2.2.5.RELEASE.jar;E:\apache-maven-3.8.1\ch\qos\logback\logback-classic\1.2.3\logback-classic-1.2.3.jar;E:\apache-maven-3.8.1\ch\qos\logback\logback-core\1.2.3\logback-core-1.2.3.jar;E:\apache-maven-3.8.1\org\apache\logging\log4j\log4j-to-slf4j\2.12.1\log4j-to-slf4j-2.12.1.jar;E:\apache-maven-3.8.1\org\apache\logging\log4j\log4j-api\2.12.1\log4j-api-2.12.1.jar;E:\apache-maven-3.8.1\org\slf4j\jul-to-slf4j\1.7.30\jul-to-slf4j-1.7.30.jar;E:\apache-maven-3.8.1\jakarta\annotation\jakarta.annotation-api\1.3.5\jakarta.annotation-api-1.3.5.jar;E:\apache-maven-3.8.1\org\springframework\spring-core\5.2.4.RELEASE\spring-core-5.2.4.RELEASE.jar;E:\apache-maven-3.8.1\org\springframework\spring-jcl\5.2.4.RELEASE\spring-jcl-5.2.4.RELEASE.jar;E:\apache-maven-3.8.1\org\yaml\snakeyaml\1.25\snakeyaml-1.25.jar;E:\apache-maven-3.8.1\org\springframework\boot\spring-boot-autoconfigure\2.2.5.RELEASE\spring-boot-autoconfigure-2.2.5.RELEASE.jar;E:\apache-maven-3.8.1\mysql\mysql-connector-java\8.0.19\mysql-connector-java-8.0.19.jar;E:\apache-maven-3.8.1\org\springframework\boot\spring-boot-starter-web\2.2.5.RELEASE\spring-boot-starter-web-2.2.5.RELEASE.jar;E:\apache-maven-3.8.1\org\springframework\boot\spring-boot-starter-json\2.2.5.RELEASE\spring-boot-starter-json-2.2.5.RELEASE.jar;E:\apache-maven-3.8.1\com\fasterxml\jackson\datatype\jackson-datatype-jdk8\2.10.2\jackson-datatype-jdk8-2.10.2.jar;E:\apache-maven-3.8.1\com\fasterxml\jackson\datatype\jackson-datatype-jsr310\2.10.2\jackson-datatype-jsr310-2.10.2.jar;E:\apache-maven-3.8.1\com\fasterxml\jackson\module\jackson-module-parameter-names\2.10.2\jackson-module-parameter-names-2.10.2.jar;E:\apache-maven-3.8.1\org\springframework\boot\spring-boot-starter-tomcat\2.2.5.RELEASE\spring-boot-starter-tomcat-2.2.5.RELEASE.jar;E:\apache-maven-3.8.1\org\apache\tomcat\embed\tomcat-embed-core\9.0.31\tomcat-embed-core-9.0.31.jar;E:\apache-maven-3.8.1\org\apache\tomcat\embed\tomcat-embed-el\9.0.31\tomcat-embed-el-9.0.31.jar;E:\apache-maven-3.8.1\org\apache\tomcat\embed\tomcat-embed-websocket\9.0.31\tomcat-embed-websocket-9.0.31.jar;E:\apache-maven-3.8.1\org\springframework\boot\spring-boot-starter-validation\2.2.5.RELEASE\spring-boot-starter-validation-2.2.5.RELEASE.jar;E:\apache-maven-3.8.1\jakarta\validation\jakarta.validation-api\2.0.2\jakarta.validation-api-2.0.2.jar;E:\apache-maven-3.8.1\org\hibernate\validator\hibernate-validator\6.0.18.Final\hibernate-validator-6.0.18.Final.jar;E:\apache-maven-3.8.1\org\jboss\logging\jboss-logging\3.4.1.Final\jboss-logging-3.4.1.Final.jar;E:\apache-maven-3.8.1\com\fasterxml\classmate\1.5.1\classmate-1.5.1.jar;E:\apache-maven-3.8.1\org\springframework\spring-web\5.2.4.RELEASE\spring-web-5.2.4.RELEASE.jar;E:\apache-maven-3.8.1\org\springframework\spring-beans\5.2.4.RELEASE\spring-beans-5.2.4.RELEASE.jar;E:\apache-maven-3.8.1\org\springframework\spring-webmvc\5.2.4.RELEASE\spring-webmvc-5.2.4.RELEASE.jar;E:\apache-maven-3.8.1\org\springframework\spring-aop\5.2.4.RELEASE\spring-aop-5.2.4.RELEASE.jar;E:\apache-maven-3.8.1\org\springframework\spring-expression\5.2.4.RELEASE\spring-expression-5.2.4.RELEASE.jar;E:\apache-maven-3.8.1\com\auth0\java-jwt\3.4.0\java-jwt-3.4.0.jar;E:\apache-maven-3.8.1\com\fasterxml\jackson\core\jackson-databind\2.10.2\jackson-databind-2.10.2.jar;E:\apache-maven-3.8.1\com\fasterxml\jackson\core\jackson-annotations\2.10.2\jackson-annotations-2.10.2.jar;E:\apache-maven-3.8.1\com\fasterxml\jackson\core\jackson-core\2.10.2\jackson-core-2.10.2.jar;E:\apache-maven-3.8.1\commons-codec\commons-codec\1.13\commons-codec-1.13.jar;E:\apache-maven-3.8.1\org\springframework\boot\spring-boot-devtools\2.2.5.RELEASE\spring-boot-devtools-2.2.5.RELEASE.jar;E:\apache-maven-3.8.1\com\alibaba\druid-spring-boot-starter\1.1.10\druid-spring-boot-starter-1.1.10.jar;E:\apache-maven-3.8.1\com\alibaba\druid\1.1.10\druid-1.1.10.jar;E:\apache-maven-3.8.1\org\slf4j\slf4j-api\1.7.30\slf4j-api-1.7.30.jar;E:\apache-maven-3.8.1\org\mybatis\generator\mybatis-generator-maven-plugin\1.3.2\mybatis-generator-maven-plugin-1.3.2.jar;E:\apache-maven-3.8.1\org\apache\maven\maven-plugin-api\3.0.4\maven-plugin-api-3.0.4.jar;E:\apache-maven-3.8.1\org\apache\maven\maven-model\3.0.4\maven-model-3.0.4.jar;E:\apache-maven-3.8.1\org\apache\maven\maven-artifact\3.0.4\maven-artifact-3.0.4.jar;E:\apache-maven-3.8.1\org\sonatype\sisu\sisu-inject-plexus\2.3.0\sisu-inject-plexus-2.3.0.jar;E:\apache-maven-3.8.1\org\codehaus\plexus\plexus-component-annotations\1.5.5\plexus-component-annotations-1.5.5.jar;E:\apache-maven-3.8.1\org\codehaus\plexus\plexus-classworlds\2.4\plexus-classworlds-2.4.jar;E:\apache-maven-3.8.1\org\sonatype\sisu\sisu-inject-bean\2.3.0\sisu-inject-bean-2.3.0.jar;E:\apache-maven-3.8.1\org\sonatype\sisu\sisu-guice\3.1.0\sisu-guice-3.1.0-no_aop.jar;E:\apache-maven-3.8.1\org\sonatype\sisu\sisu-guava\0.9.9\sisu-guava-0.9.9.jar;E:\apache-maven-3.8.1\org\mybatis\generator\mybatis-generator-core\1.3.2\mybatis-generator-core-1.3.2.jar;E:\apache-maven-3.8.1\org\apache\maven\maven-project\3.0-alpha-2\maven-project-3.0-alpha-2.jar;E:\apache-maven-3.8.1\org\codehaus\plexus\plexus-utils\1.5.6\plexus-utils-1.5.6.jar;E:\apache-maven-3.8.1\org\codehaus\plexus\plexus-interpolation\1.1\plexus-interpolation-1.1.jar;E:\apache-maven-3.8.1\org\apache\maven\maven-compat\3.0-alpha-2\maven-compat-3.0-alpha-2.jar;E:\apache-maven-3.8.1\org\apache\maven\wagon\wagon-provider-api\1.0-beta-4\wagon-provider-api-1.0-beta-4.jar;E:\apache-maven-3.8.1\org\codehaus\plexus\plexus-container-default\1.0-beta-3.0.5\plexus-container-default-1.0-beta-3.0.5.jar;E:\apache-maven-3.8.1\org\apache\xbean\xbean-reflect\3.4\xbean-reflect-3.4.jar;E:\apache-maven-3.8.1\log4j\log4j\1.2.12\log4j-1.2.12.jar;E:\apache-maven-3.8.1\commons-logging\commons-logging-api\1.1\commons-logging-api-1.1.jar;E:\apache-maven-3.8.1\com\google\code\google-collections\google-collect\snapshot-20080530\google-collect-snapshot-20080530.jar;E:\apache-maven-3.8.1\org\codehaus\woodstox\wstx-asl\3.2.6\wstx-asl-3.2.6.jar;E:\apache-maven-3.8.1\stax\stax-api\1.0.1\stax-api-1.0.1.jar;E:\apache-maven-3.8.1\org\sonatype\spice\model-builder\1.3\model-builder-1.3.jar;E:\apache-maven-3.8.1\org\apache\maven\maven-project-builder\3.0-alpha-2\maven-project-builder-3.0-alpha-2.jar;E:\apache-maven-3.8.1\com\baomidou\mybatis-plus-boot-starter\2.2.0\mybatis-plus-boot-starter-2.2.0.jar;E:\apache-maven-3.8.1\org\springframework\boot\spring-boot-starter-jdbc\2.2.5.RELEASE\spring-boot-starter-jdbc-2.2.5.RELEASE.jar;E:\apache-maven-3.8.1\com\zaxxer\HikariCP\3.4.2\HikariCP-3.4.2.jar;E:\apache-maven-3.8.1\org\springframework\spring-jdbc\5.2.4.RELEASE\spring-jdbc-5.2.4.RELEASE.jar;E:\apache-maven-3.8.1\org\springframework\spring-tx\5.2.4.RELEASE\spring-tx-5.2.4.RELEASE.jar;E:\apache-maven-3.8.1\com\baomidou\mybatis-plus\2.2.0\mybatis-plus-2.2.0.jar;E:\apache-maven-3.8.1\com\baomidou\mybatis-plus-support\2.2.0\mybatis-plus-support-2.2.0.jar;E:\apache-maven-3.8.1\com\baomidou\mybatis-plus-core\2.2.0\mybatis-plus-core-2.2.0.jar;E:\apache-maven-3.8.1\com\github\jsqlparser\jsqlparser\1.1\jsqlparser-1.1.jar;E:\apache-maven-3.8.1\org\mybatis\mybatis-spring\1.3.2\mybatis-spring-1.3.2.jar;E:\apache-maven-3.8.1\org\mybatis\mybatis\3.4.6\mybatis-3.4.6.jar;E:\apache-maven-3.8.1\com\baomidou\mybatis-plus-generate\2.2.0\mybatis-plus-generate-2.2.0.jar;E:\apache-maven-3.8.1\com\github\pagehelper\pagehelper-spring-boot-starter\1.2.10\pagehelper-spring-boot-starter-1.2.10.jar;E:\apache-maven-3.8.1\org\mybatis\spring\boot\mybatis-spring-boot-starter\1.3.2\mybatis-spring-boot-starter-1.3.2.jar;E:\apache-maven-3.8.1\org\mybatis\spring\boot\mybatis-spring-boot-autoconfigure\1.3.2\mybatis-spring-boot-autoconfigure-1.3.2.jar;E:\apache-maven-3.8.1\com\github\pagehelper\pagehelper-spring-boot-autoconfigure\1.2.10\pagehelper-spring-boot-autoconfigure-1.2.10.jar;E:\apache-maven-3.8.1\com\github\pagehelper\pagehelper\5.1.8\pagehelper-5.1.8.jar;E:\apache-maven-3.8.1\org\projectlombok\lombok\1.18.12\lombok-1.18.12.jar;"/>
    <property name="sun.cpu.endian" value="little"/>
    <property name="user.home" value="C:\Users\Administrator"/>
    <property name="user.language" value="zh"/>
    <property name="java.specification.vendor" value="Oracle Corporation"/>
    <property name="java.home" value="C:\Program Files\Java\jdk1.8.0_05\jre"/>
    <property name="basedir" value="E:\idea-java-project\productsupply"/>
    <property name="file.separator" value="\"/>
    <property name="line.separator" value="&#10;"/>
    <property name="java.vm.specification.vendor" value="Oracle Corporation"/>
    <property name="java.specification.name" value="Java Platform API Specification"/>
    <property name="java.awt.graphicsenv" value="sun.awt.Win32GraphicsEnvironment"/>
    <property name="surefire.real.class.path" value="C:\Users\ADMINI~1\AppData\Local\Temp\surefire3715353973656893516\surefirebooter4918063125292979273.jar"/>
    <property name="sun.boot.class.path" value="C:\Program Files\Java\jdk1.8.0_05\jre\lib\resources.jar;C:\Program Files\Java\jdk1.8.0_05\jre\lib\rt.jar;C:\Program Files\Java\jdk1.8.0_05\jre\lib\sunrsasign.jar;C:\Program Files\Java\jdk1.8.0_05\jre\lib\jsse.jar;C:\Program Files\Java\jdk1.8.0_05\jre\lib\jce.jar;C:\Program Files\Java\jdk1.8.0_05\jre\lib\charsets.jar;C:\Program Files\Java\jdk1.8.0_05\jre\lib\jfr.jar;C:\Program Files\Java\jdk1.8.0_05\jre\classes"/>
    <property name="user.script" value=""/>
    <property name="sun.management.compiler" value="HotSpot 64-Bit Tiered Compilers"/>
    <property name="java.runtime.version" value="1.8.0_05-b13"/>
    <property name="user.name" value="Administrator"/>
    <property name="path.separator" value=";"/>
    <property name="os.version" value="6.3"/>
    <property name="java.endorsed.dirs" value="C:\Program Files\Java\jdk1.8.0_05\jre\lib\endorsed"/>
    <property name="java.runtime.name" value="Java(TM) SE Runtime Environment"/>
    <property name="file.encoding" value="GBK"/>
    <property name="java.vm.name" value="Java HotSpot(TM) 64-Bit Server VM"/>
    <property name="localRepository" value="E:\apache-maven-3.8.1"/>
    <property name="java.vendor.url.bug" value="http://bugreport.sun.com/bugreport/"/>
    <property name="java.io.tmpdir" value="C:\Users\ADMINI~1\AppData\Local\Temp\"/>
    <property name="idea.version" value="2018.3.3"/>
    <property name="java.version" value="1.8.0_05"/>
    <property name="user.dir" value="E:\idea-java-project\productsupply"/>
    <property name="os.arch" value="amd64"/>
    <property name="java.vm.specification.name" value="Java Virtual Machine Specification"/>
    <property name="java.awt.printerjob" value="sun.awt.windows.WPrinterJob"/>
    <property name="sun.os.patch.level" value=""/>
    <property name="java.library.path" value="C:\Program Files\Java\jdk1.8.0_05\jre\bin;C:\Windows\Sun\Java\bin;C:\Windows\system32;C:\Windows;C:\Windows\system32;C:\Windows;C:\Windows\System32\Wbem;C:\Windows\System32\WindowsPowerShell\v1.0\;C:\Windows\System32\OpenSSH\;C:\Program Files (x86)\NVIDIA Corporation\PhysX\Common;C:\Program Files\NVIDIA Corporation\NVIDIA NvDLISR;E:\Git\cmd;C:\Program Files\Java\jdk1.8.0_05\bin;C:\Program Files\Java\jdk1.8.0_05\jre\bin;E:\apache-maven-3.8.1\bin;E:\node.js\;C:\Users\Administrator\AppData\Local\Microsoft\WindowsApps;C:\Users\Administrator\AppData\Roaming\npm;E:\Microsoft VS Code\bin;."/>
    <property name="java.vm.info" value="mixed mode"/>
    <property name="java.vendor" value="Oracle Corporation"/>
    <property name="java.vm.version" value="25.5-b02"/>
    <property name="java.ext.dirs" value="C:\Program Files\Java\jdk1.8.0_05\jre\lib\ext;C:\Windows\Sun\Java\lib\ext"/>
    <property name="sun.io.unicode.encoding" value="UnicodeLittle"/>
    <property name="java.class.version" value="52.0"/>
  </properties>
  <testcase name="shouldAnswerWithTrue" classname="cn.zq.AppTest" time="0.187"/>
</testsuite>